2025-07-24 20:51:36.482758: admin@example.com logged in.
2025-07-24 20:51:56.153812: admin@example.com logged in.
2025-07-24 20:54:12.092233: admin@example.com logged out.
2025-07-24 20:55:16.269587: mounika@gmail.com logged in.
2025-07-24 21:04:40.396312: mounika@gmail.com logged out.
2025-07-24 21:04:47.445002: admin@example.com logged in.
2025-07-24 21:05:52.432400: admin@example.com logged out.
2025-07-24 21:06:20.018758: abc@gmail.com logged in.
2025-07-24 21:06:48.751543: abc@gmail.com logged out.
2025-07-24 21:07:05.482596: mounika@gmail.com logged in.
2025-07-24 21:07:14.715681: mounika@gmail.com logged out.
2025-07-24 21:19:46.858049: admin@example.com logged in.
2025-07-24 21:20:24.842733: admin@example.com logged out.
2025-07-24 21:21:23.891296: abc@gmail.com logged in.
2025-07-24 21:22:12.531640: abc@gmail.com logged out.
2025-07-24 21:22:38.840405: xyz@gmail.com logged in.
2025-07-24 21:22:51.180235: xyz@gmail.com logged out.
2025-07-24 21:23:07.161368: admin@example.com logged in.
2025-07-24 21:23:36.034440: admin@example.com logged out.
2025-07-24 21:23:53.731868: mounika@gmail.com logged in.
2025-07-24 22:05:58.223875: mounika@gmail.com logged out.
2025-07-24 22:06:42.936666: admin@example.com logged in.
2025-07-24 22:06:53.889871: admin@example.com logged out.
2025-07-24 22:07:37.126192: mounika@gmail.com logged in.
2025-07-24 22:09:22.264358: mounika@gmail.com logged out.
2025-07-24 22:10:02.564074: abc@gmail.com logged in.
2025-07-24 22:12:38.212586: abc@gmail.com logged out.
2025-07-24 22:12:42.047677: admin@example.com logged in.
2025-07-24 22:13:50.571167: admin@example.com logged out.
2025-07-24 22:16:40.322396: mounika@gmail.com logged in.
2025-07-24 22:19:06.425925: mounika@gmail.com logged out.
2025-07-24 22:19:09.676890: admin@example.com logged in.
2025-07-24 22:29:39.942346: admin@example.com logged out.
2025-07-24 22:30:12.696772: alexa@gmail.com logged in.
2025-07-24 22:30:21.859775: alexa@gmail.com logged out.
2025-07-24 22:43:21.883027: alexa@gmail.com logged in.
2025-07-24 22:44:02.119148: alexa@gmail.com logged out.
2025-07-24 22:44:05.386318: admin@example.com logged in.
2025-07-24 22:44:41.400508: admin@example.com logged out.
2025-07-25 19:08:10.573593: admin@example.com logged in.
2025-07-25 19:09:23.132854: admin@example.com logged out.
2025-07-30 21:46:08.352826: admin@example.com logged in.
2025-07-30 21:50:13.898795: admin@example.com logged out.
2025-07-30 21:50:44.801451: mounika2303@gmail.com logged in.
2025-07-30 21:51:34.634196: Contact form submitted by xyz <contact@pulmonarydisease.com> | Subject: prediction
2025-07-30 22:08:17.130511: mounika2303@gmail.com logged out.
2025-07-30 22:08:36.136635: admin@example.com logged in.
2025-07-30 22:20:25.303665: Contact form: xyz <abc@gmail.com> | prediction
2025-07-30 22:20:38.862794: admin@example.com logged out.
2025-07-30 22:20:48.233009: mounika2303@gmail.com logged in.
2025-07-30 22:21:07.063163: mounika2303@gmail.com logged out.
2025-08-09 16:27:42.920708: admin@example.com logged in.
2025-08-09 16:28:42.586396: admin@example.com logged out.
2025-08-09 16:29:21.332084: abc@gmail.com logged in.
2025-08-09 16:30:38.775826: Contact form: abc <abc@gmail.com> | problem with checking history
2025-08-09 16:30:50.672576: abc@gmail.com logged out.
2025-08-09 16:30:54.286018: admin@example.com logged in.
2025-08-09 16:32:05.972424: admin@example.com logged out.
2025-08-09 16:32:19.047937: abc@gmail.com logged in.
2025-08-09 16:35:02.780939: abc@gmail.com logged out.
2025-08-12 22:12:43.899619: admin@example.com logged in.
2025-08-12 22:14:47.744667: admin@example.com logged out.
2025-08-14 13:20:12.810158: admin@example.com logged in.
2025-08-14 13:21:35.402196: admin@example.com logged out.
2025-08-14 13:22:13.370170: priya@gmail.com logged in.
2025-08-14 13:25:56.985563: Contact form: priya <priya@gmail.com> | Account issue
2025-08-14 13:26:02.202023: priya@gmail.com logged out.
2025-08-14 13:26:05.889736: admin@example.com logged in.
2025-08-14 13:26:38.626398: admin@example.com logged out.
2025-08-21 21:45:04.898810: admin@example.com logged in.
2025-08-21 21:45:57.493514: admin@example.com logged out.
2025-08-21 21:46:27.409978: akhila@gmail.com logged in.
2025-08-21 21:49:25.508321: akhila@gmail.com logged out.
2025-08-21 21:58:45.146830: admin@example.com logged in.
2025-08-21 21:59:18.749980: admin@example.com logged out.
2025-08-21 21:59:51.691725: ravi@gmail.com logged in.
2025-08-21 22:01:30.281447: ravi@gmail.com logged out.
